This is pdfTeX, Version 3.14159265-2.6-1.40.16 (TeX Live 2015) (preloaded format=pdflatex 2015.8.4)  1 DEC 2021 17:35
entering extended mode
 restricted \write18 enabled.
 %&-line parsing enabled.
**_main.tex
(./_main.tex
LaTeX2e <2015/01/01>
Babel <3.9l> and hyphenation patterns for 79 languages loaded.
(/usr/local/texlive/2015/texmf-dist/tex/latex/base/book.cls
Document Class: book 2014/09/29 v1.4h Standard LaTeX document class
(/usr/local/texlive/2015/texmf-dist/tex/latex/base/bk12.clo
File: bk12.clo 2014/09/29 v1.4h Standard LaTeX file (size option)
)
\c@part=\count79
\c@chapter=\count80
\c@section=\count81
\c@subsection=\count82
\c@subsubsection=\count83
\c@paragraph=\count84
\c@subparagraph=\count85
\c@figure=\count86
\c@table=\count87
\abovecaptionskip=\skip41
\belowcaptionskip=\skip42
\bibindent=\dimen102
)
(/usr/local/texlive/2015/texmf-dist/tex/latex/base/inputenc.sty
Package: inputenc 2015/03/17 v1.2c Input encoding file
\inpenc@prehook=\toks14
\inpenc@posthook=\toks15

(/usr/local/texlive/2015/texmf-dist/tex/latex/base/utf8.def
File: utf8.def 2014/09/29 v1.1m UTF-8 support for inputenc
Now handling font encoding OML ...
... no UTF-8 mapping file for font encoding OML
Now handling font encoding T1 ...
... processing UTF-8 mapping file for font encoding T1

(/usr/local/texlive/2015/texmf-dist/tex/latex/base/t1enc.dfu
File: t1enc.dfu 2014/09/29 v1.1m UTF-8 support for inputenc
   defining Unicode char U+00A1 (decimal 161)
   defining Unicode char U+00A3 (decimal 163)
   defining Unicode char U+00AB (decimal 171)
   defining Unicode char U+00BB (decimal 187)
   defining Unicode char U+00BF (decimal 191)
   defining Unicode char U+00C0 (decimal 192)
   defining Unicode char U+00C1 (decimal 193)
   defining Unicode char U+00C2 (decimal 194)
   defining Unicode char U+00C3 (decimal 195)
   defining Unicode char U+00C4 (decimal 196)
   defining Unicode char U+00C5 (decimal 197)
   defining Unicode char U+00C6 (decimal 198)
   defining Unicode char U+00C7 (decimal 199)
   defining Unicode char U+00C8 (decimal 200)
   defining Unicode char U+00C9 (decimal 201)
   defining Unicode char U+00CA (decimal 202)
   defining Unicode char U+00CB (decimal 203)
   defining Unicode char U+00CC (decimal 204)
   defining Unicode char U+00CD (decimal 205)
   defining Unicode char U+00CE (decimal 206)
   defining Unicode char U+00CF (decimal 207)
   defining Unicode char U+00D0 (decimal 208)
   defining Unicode char U+00D1 (decimal 209)
   defining Unicode char U+00D2 (decimal 210)
   defining Unicode char U+00D3 (decimal 211)
   defining Unicode char U+00D4 (decimal 212)
   defining Unicode char U+00D5 (decimal 213)
   defining Unicode char U+00D6 (decimal 214)
   defining Unicode char U+00D8 (decimal 216)
   defining Unicode char U+00D9 (decimal 217)
   defining Unicode char U+00DA (decimal 218)
   defining Unicode char U+00DB (decimal 219)
   defining Unicode char U+00DC (decimal 220)
   defining Unicode char U+00DD (decimal 221)
   defining Unicode char U+00DE (decimal 222)
   defining Unicode char U+00DF (decimal 223)
   defining Unicode char U+00E0 (decimal 224)
   defining Unicode char U+00E1 (decimal 225)
   defining Unicode char U+00E2 (decimal 226)
   defining Unicode char U+00E3 (decimal 227)
   defining Unicode char U+00E4 (decimal 228)
   defining Unicode char U+00E5 (decimal 229)
   defining Unicode char U+00E6 (decimal 230)
   defining Unicode char U+00E7 (decimal 231)
   defining Unicode char U+00E8 (decimal 232)
   defining Unicode char U+00E9 (decimal 233)
   defining Unicode char U+00EA (decimal 234)
   defining Unicode char U+00EB (decimal 235)
   defining Unicode char U+00EC (decimal 236)
   defining Unicode char U+00ED (decimal 237)
   defining Unicode char U+00EE (decimal 238)
   defining Unicode char U+00EF (decimal 239)
   defining Unicode char U+00F0 (decimal 240)
   defining Unicode char U+00F1 (decimal 241)
   defining Unicode char U+00F2 (decimal 242)
   defining Unicode char U+00F3 (decimal 243)
   defining Unicode char U+00F4 (decimal 244)
   defining Unicode char U+00F5 (decimal 245)
   defining Unicode char U+00F6 (decimal 246)
   defining Unicode char U+00F8 (decimal 248)
   defining Unicode char U+00F9 (decimal 249)
   defining Unicode char U+00FA (decimal 250)
   defining Unicode char U+00FB (decimal 251)
   defining Unicode char U+00FC (decimal 252)
   defining Unicode char U+00FD (decimal 253)
   defining Unicode char U+00FE (decimal 254)
   defining Unicode char U+00FF (decimal 255)
   defining Unicode char U+0102 (decimal 258)
   defining Unicode char U+0103 (decimal 259)
   defining Unicode char U+0104 (decimal 260)
   defining Unicode char U+0105 (decimal 261)
   defining Unicode char U+0106 (decimal 262)
   defining Unicode char U+0107 (decimal 263)
   defining Unicode char U+010C (decimal 268)
   defining Unicode char U+010D (decimal 269)
   defining Unicode char U+010E (decimal 270)
   defining Unicode char U+010F (decimal 271)
   defining Unicode char U+0110 (decimal 272)
   defining Unicode char U+0111 (decimal 273)
   defining Unicode char U+0118 (decimal 280)
   defining Unicode char U+0119 (decimal 281)
   defining Unicode char U+011A (decimal 282)
   defining Unicode char U+011B (decimal 283)
   defining Unicode char U+011E (decimal 286)
   defining Unicode char U+011F (decimal 287)
   defining Unicode char U+0130 (decimal 304)
   defining Unicode char U+0131 (decimal 305)
   defining Unicode char U+0132 (decimal 306)
   defining Unicode char U+0133 (decimal 307)
   defining Unicode char U+0139 (decimal 313)
   defining Unicode char U+013A (decimal 314)
   defining Unicode char U+013D (decimal 317)
   defining Unicode char U+013E (decimal 318)
   defining Unicode char U+0141 (decimal 321)
   defining Unicode char U+0142 (decimal 322)
   defining Unicode char U+0143 (decimal 323)
   defining Unicode char U+0144 (decimal 324)
   defining Unicode char U+0147 (decimal 327)
   defining Unicode char U+0148 (decimal 328)
   defining Unicode char U+014A (decimal 330)
   defining Unicode char U+014B (decimal 331)
   defining Unicode char U+0150 (decimal 336)
   defining Unicode char U+0151 (decimal 337)
   defining Unicode char U+0152 (decimal 338)
   defining Unicode char U+0153 (decimal 339)
   defining Unicode char U+0154 (decimal 340)
   defining Unicode char U+0155 (decimal 341)
   defining Unicode char U+0158 (decimal 344)
   defining Unicode char U+0159 (decimal 345)
   defining Unicode char U+015A (decimal 346)
   defining Unicode char U+015B (decimal 347)
   defining Unicode char U+015E (decimal 350)
   defining Unicode char U+015F (decimal 351)
   defining Unicode char U+0160 (decimal 352)
   defining Unicode char U+0161 (decimal 353)
   defining Unicode char U+0162 (decimal 354)
   defining Unicode char U+0163 (decimal 355)
   defining Unicode char U+0164 (decimal 356)
   defining Unicode char U+0165 (decimal 357)
   defining Unicode char U+016E (decimal 366)
   defining Unicode char U+016F (decimal 367)
   defining Unicode char U+0170 (decimal 368)
   defining Unicode char U+0171 (decimal 369)
   defining Unicode char U+0178 (decimal 376)
   defining Unicode char U+0179 (decimal 377)
   defining Unicode char U+017A (decimal 378)
   defining Unicode char U+017B (decimal 379)
   defining Unicode char U+017C (decimal 380)
   defining Unicode char U+017D (decimal 381)
   defining Unicode char U+017E (decimal 382)
   defining Unicode char U+200C (decimal 8204)
   defining Unicode char U+2013 (decimal 8211)
   defining Unicode char U+2014 (decimal 8212)
   defining Unicode char U+2018 (decimal 8216)
   defining Unicode char U+2019 (decimal 8217)
   defining Unicode char U+201A (decimal 8218)
   defining Unicode char U+201C (decimal 8220)
   defining Unicode char U+201D (decimal 8221)
   defining Unicode char U+201E (decimal 8222)
   defining Unicode char U+2030 (decimal 8240)
   defining Unicode char U+2031 (decimal 8241)
   defining Unicode char U+2039 (decimal 8249)
   defining Unicode char U+203A (decimal 8250)
   defining Unicode char U+2423 (decimal 9251)
)
Now handling font encoding OT1 ...
... processing UTF-8 mapping file for font encoding OT1

(/usr/local/texlive/2015/texmf-dist/tex/latex/base/ot1enc.dfu
File: ot1enc.dfu 2014/09/29 v1.1m UTF-8 support for inputenc
   defining Unicode char U+00A1 (decimal 161)
   defining Unicode char U+00A3 (decimal 163)
   defining Unicode char U+00B8 (decimal 184)
   defining Unicode char U+00BF (decimal 191)
   defining Unicode char U+00C5 (decimal 197)
   defining Unicode char U+00C6 (decimal 198)
   defining Unicode char U+00D8 (decimal 216)
   defining Unicode char U+00DF (decimal 223)
   defining Unicode char U+00E6 (decimal 230)
   defining Unicode char U+00EC (decimal 236)
   defining Unicode char U+00ED (decimal 237)
   defining Unicode char U+00EE (decimal 238)
   defining Unicode char U+00EF (decimal 239)
   defining Unicode char U+00F8 (decimal 248)
   defining Unicode char U+0131 (decimal 305)
   defining Unicode char U+0141 (decimal 321)
   defining Unicode char U+0142 (decimal 322)
   defining Unicode char U+0152 (decimal 338)
   defining Unicode char U+0153 (decimal 339)
   defining Unicode char U+2013 (decimal 8211)
   defining Unicode char U+2014 (decimal 8212)
   defining Unicode char U+2018 (decimal 8216)
   defining Unicode char U+2019 (decimal 8217)
   defining Unicode char U+201C (decimal 8220)
   defining Unicode char U+201D (decimal 8221)
)
Now handling font encoding OMS ...
... processing UTF-8 mapping file for font encoding OMS

(/usr/local/texlive/2015/texmf-dist/tex/latex/base/omsenc.dfu
File: omsenc.dfu 2014/09/29 v1.1m UTF-8 support for inputenc
   defining Unicode char U+00A7 (decimal 167)
   defining Unicode char U+00B6 (decimal 182)
   defining Unicode char U+00B7 (decimal 183)
   defining Unicode char U+2020 (decimal 8224)
   defining Unicode char U+2021 (decimal 8225)
   defining Unicode char U+2022 (decimal 8226)
)
Now handling font encoding OMX ...
... no UTF-8 mapping file for font encoding OMX
Now handling font encoding U ...
... no UTF-8 mapping file for font encoding U
   defining Unicode char U+00A9 (decimal 169)
   defining Unicode char U+00AA (decimal 170)
   defining Unicode char U+00AE (decimal 174)
   defining Unicode char U+00BA (decimal 186)
   defining Unicode char U+02C6 (decimal 710)
   defining Unicode char U+02DC (decimal 732)
   defining Unicode char U+200C (decimal 8204)
   defining Unicode char U+2026 (decimal 8230)
   defining Unicode char U+2122 (decimal 8482)
   defining Unicode char U+2423 (decimal 9251)
))
(/usr/local/texlive/2015/texmf-dist/tex/latex/base/textcomp.sty
Package: textcomp 2005/09/27 v1.99g Standard LaTeX package
Package textcomp Info: Sub-encoding information:
(textcomp)               5 = only ISO-Adobe without \textcurrency
(textcomp)               4 = 5 + \texteuro
(textcomp)               3 = 4 + \textohm
(textcomp)               2 = 3 + \textestimated + \textcurrency
(textcomp)               1 = TS1 - \textcircled - \t
(textcomp)               0 = TS1 (full)
(textcomp)             Font families with sub-encoding setting implement
(textcomp)             only a restricted character set as indicated.
(textcomp)             Family '?' is the default used for unknown fonts.
(textcomp)             See the documentation for details.
Package textcomp Info: Setting ? sub-encoding to TS1/1 on input line 79.

(/usr/local/texlive/2015/texmf-dist/tex/latex/base/ts1enc.def
File: ts1enc.def 2001/06/05 v3.0e (jk/car/fm) Standard LaTeX file
Now handling font encoding TS1 ...
... processing UTF-8 mapping file for font encoding TS1

(/usr/local/texlive/2015/texmf-dist/tex/latex/base/ts1enc.dfu
File: ts1enc.dfu 2014/09/29 v1.1m UTF-8 support for inputenc
   defining Unicode char U+00A2 (decimal 162)
   defining Unicode char U+00A3 (decimal 163)
   defining Unicode char U+00A4 (decimal 164)
   defining Unicode char U+00A5 (decimal 165)
   defining Unicode char U+00A6 (decimal 166)
   defining Unicode char U+00A7 (decimal 167)
   defining Unicode char U+00A8 (decimal 168)
   defining Unicode char U+00A9 (decimal 169)
   defining Unicode char U+00AA (decimal 170)
   defining Unicode char U+00AC (decimal 172)
   defining Unicode char U+00AE (decimal 174)
   defining Unicode char U+00AF (decimal 175)
   defining Unicode char U+00B0 (decimal 176)
   defining Unicode char U+00B1 (decimal 177)
   defining Unicode char U+00B2 (decimal 178)
   defining Unicode char U+00B3 (decimal 179)
   defining Unicode char U+00B4 (decimal 180)
   defining Unicode char U+00B5 (decimal 181)
   defining Unicode char U+00B6 (decimal 182)
   defining Unicode char U+00B7 (decimal 183)
   defining Unicode char U+00B9 (decimal 185)
   defining Unicode char U+00BA (decimal 186)
   defining Unicode char U+00BC (decimal 188)
   defining Unicode char U+00BD (decimal 189)
   defining Unicode char U+00BE (decimal 190)
   defining Unicode char U+00D7 (decimal 215)
   defining Unicode char U+00F7 (decimal 247)
   defining Unicode char U+0192 (decimal 402)
   defining Unicode char U+02C7 (decimal 711)
   defining Unicode char U+02D8 (decimal 728)
   defining Unicode char U+02DD (decimal 733)
   defining Unicode char U+0E3F (decimal 3647)
   defining Unicode char U+2016 (decimal 8214)
   defining Unicode char U+2020 (decimal 8224)
   defining Unicode char U+2021 (decimal 8225)
   defining Unicode char U+2022 (decimal 8226)
   defining Unicode char U+2030 (decimal 8240)
   defining Unicode char U+2031 (decimal 8241)
   defining Unicode char U+203B (decimal 8251)
   defining Unicode char U+203D (decimal 8253)
   defining Unicode char U+2044 (decimal 8260)
   defining Unicode char U+204E (decimal 8270)
   defining Unicode char U+2052 (decimal 8274)
   defining Unicode char U+20A1 (decimal 8353)
   defining Unicode char U+20A4 (decimal 8356)
   defining Unicode char U+20A6 (decimal 8358)
   defining Unicode char U+20A9 (decimal 8361)
   defining Unicode char U+20AB (decimal 8363)
   defining Unicode char U+20AC (decimal 8364)
   defining Unicode char U+20B1 (decimal 8369)
   defining Unicode char U+2103 (decimal 8451)
   defining Unicode char U+2116 (decimal 8470)
   defining Unicode char U+2117 (decimal 8471)
   defining Unicode char U+211E (decimal 8478)
   defining Unicode char U+2120 (decimal 8480)
   defining Unicode char U+2122 (decimal 8482)
   defining Unicode char U+2126 (decimal 8486)
   defining Unicode char U+2127 (decimal 8487)
   defining Unicode char U+212E (decimal 8494)
   defining Unicode char U+2190 (decimal 8592)
   defining Unicode char U+2191 (decimal 8593)
   defining Unicode char U+2192 (decimal 8594)
   defining Unicode char U+2193 (decimal 8595)
   defining Unicode char U+2329 (decimal 9001)
   defining Unicode char U+232A (decimal 9002)
   defining Unicode char U+2422 (decimal 9250)
   defining Unicode char U+25E6 (decimal 9702)
   defining Unicode char U+25EF (decimal 9711)
   defining Unicode char U+266A (decimal 9834)
))
LaTeX Info: Redefining \oldstylenums on input line 334.
Package textcomp Info: Setting cmr sub-encoding to TS1/0 on input line 349.
Package textcomp Info: Setting cmss sub-encoding to TS1/0 on input line 350.
Package textcomp Info: Setting cmtt sub-encoding to TS1/0 on input line 351.
Package textcomp Info: Setting cmvtt sub-encoding to TS1/0 on input line 352.
Package textcomp Info: Setting cmbr sub-encoding to TS1/0 on input line 353.
Package textcomp Info: Setting cmtl sub-encoding to TS1/0 on input line 354.
Package textcomp Info: Setting ccr sub-encoding to TS1/0 on input line 355.
Package textcomp Info: Setting ptm sub-encoding to TS1/4 on input line 356.
Package textcomp Info: Setting pcr sub-encoding to TS1/4 on input line 357.
Package textcomp Info: Setting phv sub-encoding to TS1/4 on input line 358.
Package textcomp Info: Setting ppl sub-encoding to TS1/3 on input line 359.
Package textcomp Info: Setting pag sub-encoding to TS1/4 on input line 360.
Package textcomp Info: Setting pbk sub-encoding to TS1/4 on input line 361.
Package textcomp Info: Setting pnc sub-encoding to TS1/4 on input line 362.
Package textcomp Info: Setting pzc sub-encoding to TS1/4 on input line 363.
Package textcomp Info: Setting bch sub-encoding to TS1/4 on input line 364.
Package textcomp Info: Setting put sub-encoding to TS1/5 on input line 365.
Package textcomp Info: Setting uag sub-encoding to TS1/5 on input line 366.
Package textcomp Info: Setting ugq sub-encoding to TS1/5 on input line 367.
Package textcomp Info: Setting ul8 sub-encoding to TS1/4 on input line 368.
Package textcomp Info: Setting ul9 sub-encoding to TS1/4 on input line 369.
Package textcomp Info: Setting augie sub-encoding to TS1/5 on input line 370.
Package textcomp Info: Setting dayrom sub-encoding to TS1/3 on input line 371.
Package textcomp Info: Setting dayroms sub-encoding to TS1/3 on input line 372.

Package textcomp Info: Setting pxr sub-encoding to TS1/0 on input line 373.
Package textcomp Info: Setting pxss sub-encoding to TS1/0 on input line 374.
Package textcomp Info: Setting pxtt sub-encoding to TS1/0 on input line 375.
Package textcomp Info: Setting txr sub-encoding to TS1/0 on input line 376.
Package textcomp Info: Setting txss sub-encoding to TS1/0 on input line 377.
Package textcomp Info: Setting txtt sub-encoding to TS1/0 on input line 378.
Package textcomp Info: Setting lmr sub-encoding to TS1/0 on input line 379.
Package textcomp Info: Setting lmdh sub-encoding to TS1/0 on input line 380.
Package textcomp Info: Setting lmss sub-encoding to TS1/0 on input line 381.
Package textcomp Info: Setting lmssq sub-encoding to TS1/0 on input line 382.
Package textcomp Info: Setting lmvtt sub-encoding to TS1/0 on input line 383.
Package textcomp Info: Setting lmtt sub-encoding to TS1/0 on input line 384.
Package textcomp Info: Setting qhv sub-encoding to TS1/0 on input line 385.
Package textcomp Info: Setting qag sub-encoding to TS1/0 on input line 386.
Package textcomp Info: Setting qbk sub-encoding to TS1/0 on input line 387.
Package textcomp Info: Setting qcr sub-encoding to TS1/0 on input line 388.
Package textcomp Info: Setting qcs sub-encoding to TS1/0 on input line 389.
Package textcomp Info: Setting qpl sub-encoding to TS1/0 on input line 390.
Package textcomp Info: Setting qtm sub-encoding to TS1/0 on input line 391.
Package textcomp Info: Setting qzc sub-encoding to TS1/0 on input line 392.
Package textcomp Info: Setting qhvc sub-encoding to TS1/0 on input line 393.
Package textcomp Info: Setting futs sub-encoding to TS1/4 on input line 394.
Package textcomp Info: Setting futx sub-encoding to TS1/4 on input line 395.
Package textcomp Info: Setting futj sub-encoding to TS1/4 on input line 396.
Package textcomp Info: Setting hlh sub-encoding to TS1/3 on input line 397.
Package textcomp Info: Setting hls sub-encoding to TS1/3 on input line 398.
Package textcomp Info: Setting hlst sub-encoding to TS1/3 on input line 399.
Package textcomp Info: Setting hlct sub-encoding to TS1/5 on input line 400.
Package textcomp Info: Setting hlx sub-encoding to TS1/5 on input line 401.
Package textcomp Info: Setting hlce sub-encoding to TS1/5 on input line 402.
Package textcomp Info: Setting hlcn sub-encoding to TS1/5 on input line 403.
Package textcomp Info: Setting hlcw sub-encoding to TS1/5 on input line 404.
Package textcomp Info: Setting hlcf sub-encoding to TS1/5 on input line 405.
Package textcomp Info: Setting pplx sub-encoding to TS1/3 on input line 406.
Package textcomp Info: Setting pplj sub-encoding to TS1/3 on input line 407.
Package textcomp Info: Setting ptmx sub-encoding to TS1/4 on input line 408.
Package textcomp Info: Setting ptmj sub-encoding to TS1/4 on input line 409.
)
(/usr/local/texlive/2015/texmf-dist/tex/latex/parskip/parskip.sty
Package: parskip 2001/04/09 non-zero parskip adjustments
)
(/usr/local/texlive/2015/texmf-dist/tex/latex/graphics/graphicx.sty
Package: graphicx 2014/10/28 v1.0g Enhanced LaTeX Graphics (DPC,SPQR)

(/usr/local/texlive/2015/texmf-dist/tex/latex/graphics/keyval.sty
Package: keyval 2014/10/28 v1.15 key=value parser (DPC)
\KV@toks@=\toks16
)
(/usr/local/texlive/2015/texmf-dist/tex/latex/graphics/graphics.sty
Package: graphics 2014/10/28 v1.0p Standard LaTeX Graphics (DPC,SPQR)

(/usr/local/texlive/2015/texmf-dist/tex/latex/graphics/trig.sty
Package: trig 1999/03/16 v1.09 sin cos tan (DPC)
)
(/usr/local/texlive/2015/texmf-dist/tex/latex/latexconfig/graphics.cfg
File: graphics.cfg 2010/04/23 v1.9 graphics configuration of TeX Live
)
Package graphics Info: Driver file: pdftex.def on input line 94.

(/usr/local/texlive/2015/texmf-dist/tex/latex/pdftex-def/pdftex.def
File: pdftex.def 2011/05/27 v0.06d Graphics/color for pdfTeX

(/usr/local/texlive/2015/texmf-dist/tex/generic/oberdiek/infwarerr.sty
Package: infwarerr 2010/04/08 v1.3 Providing info/warning/error messages (HO)
)
(/usr/local/texlive/2015/texmf-dist/tex/generic/oberdiek/ltxcmds.sty
Package: ltxcmds 2011/11/09 v1.22 LaTeX kernel commands for general use (HO)
)
\Gread@gobject=\count88
))
\Gin@req@height=\dimen103
\Gin@req@width=\dimen104
)
(/usr/local/texlive/2015/texmf-dist/tex/latex/hyperref/hyperref.sty
Package: hyperref 2012/11/06 v6.83m Hypertext links for LaTeX

(/usr/local/texlive/2015/texmf-dist/tex/generic/oberdiek/hobsub-hyperref.sty
Package: hobsub-hyperref 2012/05/28 v1.13 Bundle oberdiek, subset hyperref (HO)


(/usr/local/texlive/2015/texmf-dist/tex/generic/oberdiek/hobsub-generic.sty
Package: hobsub-generic 2012/05/28 v1.13 Bundle oberdiek, subset generic (HO)
Package: hobsub 2012/05/28 v1.13 Construct package bundles (HO)
Package hobsub Info: Skipping package `infwarerr' (already loaded).
Package hobsub Info: Skipping package `ltxcmds' (already loaded).
Package: ifluatex 2010/03/01 v1.3 Provides the ifluatex switch (HO)
Package ifluatex Info: LuaTeX not detected.
Package: ifvtex 2010/03/01 v1.5 Detect VTeX and its facilities (HO)
Package ifvtex Info: VTeX not detected.
Package: intcalc 2007/09/27 v1.1 Expandable calculations with integers (HO)
Package: ifpdf 2011/01/30 v2.3 Provides the ifpdf switch (HO)
Package ifpdf Info: pdfTeX in PDF mode is detected.
Package: etexcmds 2011/02/16 v1.5 Avoid name clashes with e-TeX commands (HO)
Package etexcmds Info: Could not find \expanded.
(etexcmds)             That can mean that you are not using pdfTeX 1.50 or
(etexcmds)             that some package has redefined \expanded.
(etexcmds)             In the latter case, load this package earlier.
Package: kvsetkeys 2012/04/25 v1.16 Key value parser (HO)
Package: kvdefinekeys 2011/04/07 v1.3 Define keys (HO)
Package: pdftexcmds 2011/11/29 v0.20 Utility functions of pdfTeX for LuaTeX (HO
)
Package pdftexcmds Info: LuaTeX not detected.
Package pdftexcmds Info: \pdf@primitive is available.
Package pdftexcmds Info: \pdf@ifprimitive is available.
Package pdftexcmds Info: \pdfdraftmode found.
Package: pdfescape 2011/11/25 v1.13 Implements pdfTeX's escape features (HO)
Package: bigintcalc 2012/04/08 v1.3 Expandable calculations on big integers (HO
)
Package: bitset 2011/01/30 v1.1 Handle bit-vector datatype (HO)
Package: uniquecounter 2011/01/30 v1.2 Provide unlimited unique counter (HO)
)
Package hobsub Info: Skipping package `hobsub' (already loaded).
Package: letltxmacro 2010/09/02 v1.4 Let assignment for LaTeX macros (HO)
Package: hopatch 2012/05/28 v1.2 Wrapper for package hooks (HO)
Package: xcolor-patch 2011/01/30 xcolor patch
Package: atveryend 2011/06/30 v1.8 Hooks at the very end of document (HO)
Package atveryend Info: \enddocument detected (standard20110627).
Package: atbegshi 2011/10/05 v1.16 At begin shipout hook (HO)
Package: refcount 2011/10/16 v3.4 Data extraction from label references (HO)
Package: hycolor 2011/01/30 v1.7 Color options for hyperref/bookmark (HO)
)
(/usr/local/texlive/2015/texmf-dist/tex/generic/ifxetex/ifxetex.sty
Package: ifxetex 2010/09/12 v0.6 Provides ifxetex conditional
)
(/usr/local/texlive/2015/texmf-dist/tex/latex/oberdiek/auxhook.sty
Package: auxhook 2011/03/04 v1.3 Hooks for auxiliary files (HO)
)
(/usr/local/texlive/2015/texmf-dist/tex/latex/oberdiek/kvoptions.sty
Package: kvoptions 2011/06/30 v3.11 Key value format for package options (HO)
)
\@linkdim=\dimen105
\Hy@linkcounter=\count89
\Hy@pagecounter=\count90

(/usr/local/texlive/2015/texmf-dist/tex/latex/hyperref/pd1enc.def
File: pd1enc.def 2012/11/06 v6.83m Hyperref: PDFDocEncoding definition (HO)
Now handling font encoding PD1 ...
... no UTF-8 mapping file for font encoding PD1
)
\Hy@SavedSpaceFactor=\count91

(/usr/local/texlive/2015/texmf-dist/tex/latex/latexconfig/hyperref.cfg
File: hyperref.cfg 2002/06/06 v1.2 hyperref configuration of TeXLive
)
Package hyperref Info: Hyper figures OFF on input line 4443.
Package hyperref Info: Link nesting OFF on input line 4448.
Package hyperref Info: Hyper index ON on input line 4451.
Package hyperref Info: Plain pages OFF on input line 4458.
Package hyperref Info: Backreferencing OFF on input line 4463.
Package hyperref Info: Implicit mode ON; LaTeX internals redefined.
Package hyperref Info: Bookmarks ON on input line 4688.
\c@Hy@tempcnt=\count92

(/usr/local/texlive/2015/texmf-dist/tex/latex/url/url.sty
\Urlmuskip=\muskip10
Package: url 2013/09/16  ver 3.4  Verb mode for urls, etc.
)
LaTeX Info: Redefining \url on input line 5041.
\XeTeXLinkMargin=\dimen106
\Fld@menulength=\count93
\Field@Width=\dimen107
\Fld@charsize=\dimen108
Package hyperref Info: Hyper figures OFF on input line 6295.
Package hyperref Info: Link nesting OFF on input line 6300.
Package hyperref Info: Hyper index ON on input line 6303.
Package hyperref Info: backreferencing OFF on input line 6310.
Package hyperref Info: Link coloring OFF on input line 6315.
Package hyperref Info: Link coloring with OCG OFF on input line 6320.
Package hyperref Info: PDF/A mode OFF on input line 6325.
LaTeX Info: Redefining \ref on input line 6365.
LaTeX Info: Redefining \pageref on input line 6369.
\Hy@abspage=\count94
\c@Item=\count95
\c@Hfootnote=\count96
)

Package hyperref Message: Driver (autodetected): hpdftex.

(/usr/local/texlive/2015/texmf-dist/tex/latex/hyperref/hpdftex.def
File: hpdftex.def 2012/11/06 v6.83m Hyperref driver for pdfTeX
\Fld@listcount=\count97
\c@bookmark@seq@number=\count98

(/usr/local/texlive/2015/texmf-dist/tex/latex/oberdiek/rerunfilecheck.sty
Package: rerunfilecheck 2011/04/15 v1.7 Rerun checks for auxiliary files (HO)
Package uniquecounter Info: New unique counter `rerunfilecheck' on input line 2
82.
)
\Hy@SectionHShift=\skip43
)
(/usr/local/texlive/2015/texmf-dist/tex/latex/amsmath/amsmath.sty
Package: amsmath 2013/01/14 v2.14 AMS math features
\@mathmargin=\skip44

For additional information on amsmath, use the `?' option.
(/usr/local/texlive/2015/texmf-dist/tex/latex/amsmath/amstext.sty
Package: amstext 2000/06/29 v2.01

(/usr/local/texlive/2015/texmf-dist/tex/latex/amsmath/amsgen.sty
File: amsgen.sty 1999/11/30 v2.0
\@emptytoks=\toks17
\ex@=\dimen109
))
(/usr/local/texlive/2015/texmf-dist/tex/latex/amsmath/amsbsy.sty
Package: amsbsy 1999/11/29 v1.2d
\pmbraise@=\dimen110
)
(/usr/local/texlive/2015/texmf-dist/tex/latex/amsmath/amsopn.sty
Package: amsopn 1999/12/14 v2.01 operator names
)
\inf@bad=\count99
LaTeX Info: Redefining \frac on input line 210.
\uproot@=\count100
\leftroot@=\count101
LaTeX Info: Redefining \overline on input line 306.
\classnum@=\count102
\DOTSCASE@=\count103
LaTeX Info: Redefining \ldots on input line 378.
LaTeX Info: Redefining \dots on input line 381.
LaTeX Info: Redefining \cdots on input line 466.
\Mathstrutbox@=\box26
\strutbox@=\box27
\big@size=\dimen111
LaTeX Font Info:    Redeclaring font encoding OML on input line 566.
LaTeX Font Info:    Redeclaring font encoding OMS on input line 567.
\macc@depth=\count104
\c@MaxMatrixCols=\count105
\dotsspace@=\muskip11
\c@parentequation=\count106
\dspbrk@lvl=\count107
\tag@help=\toks18
\row@=\count108
\column@=\count109
\maxfields@=\count110
\andhelp@=\toks19
\eqnshift@=\dimen112
\alignsep@=\dimen113
\tagshift@=\dimen114
\tagwidth@=\dimen115
\totwidth@=\dimen116
\lineht@=\dimen117
\@envbody=\toks20
\multlinegap=\skip45
\multlinetaggap=\skip46
\mathdisplay@stack=\toks21
LaTeX Info: Redefining \[ on input line 2665.
LaTeX Info: Redefining \] on input line 2666.
)
(/usr/local/texlive/2015/texmf-dist/tex/latex/titling/titling.sty
Package: titling 2009/09/04 v2.1d maketitle typesetting
\thanksmarkwidth=\skip47
\thanksmargin=\skip48
\droptitle=\skip49
)
(/usr/local/texlive/2015/texmf-dist/tex/latex/graphics/color.sty
Package: color 2014/10/28 v1.1a Standard LaTeX Color (DPC)

(/usr/local/texlive/2015/texmf-dist/tex/latex/latexconfig/color.cfg
File: color.cfg 2007/01/18 v1.5 color configuration of teTeX/TeXLive
)
Package color Info: Driver file: pdftex.def on input line 142.
)
(/usr/local/texlive/2015/texmf-dist/tex/latex/fancyvrb/fancyvrb.sty
Package: fancyvrb 2008/02/07

Style option: `fancyvrb' v2.7a, with DG/SPQR fixes, and firstline=lastline fix 
<2008/02/07> (tvz)
\FV@CodeLineNo=\count111
\FV@InFile=\read1
\FV@TabBox=\box28
\c@FancyVerbLine=\count112
\FV@StepNumber=\count113
\FV@OutFile=\write3
)
(/usr/local/texlive/2015/texmf-dist/tex/latex/tools/longtable.sty
Package: longtable 2014/10/28 v4.11 Multi-page Table package (DPC)
\LTleft=\skip50
\LTright=\skip51
\LTpre=\skip52
\LTpost=\skip53
\LTchunksize=\count114
\LTcapwidth=\dimen118
\LT@head=\box29
\LT@firsthead=\box30
\LT@foot=\box31
\LT@lastfoot=\box32
\LT@cols=\count115
\LT@rows=\count116
\c@LT@tables=\count117
\c@LT@chunks=\count118
\LT@p@ftn=\toks22
)
(/usr/local/texlive/2015/texmf-dist/tex/latex/booktabs/booktabs.sty
Package: booktabs 2005/04/14 v1.61803 publication quality tables
\heavyrulewidth=\dimen119
\lightrulewidth=\dimen120
\cmidrulewidth=\dimen121
\belowrulesep=\dimen122
\belowbottomsep=\dimen123
\aboverulesep=\dimen124
\abovetopsep=\dimen125
\cmidrulesep=\dimen126
\cmidrulekern=\dimen127
\defaultaddspace=\dimen128
\@cmidla=\count119
\@cmidlb=\count120
\@aboverulesep=\dimen129
\@belowrulesep=\dimen130
\@thisruleclass=\count121
\@lastruleclass=\count122
\@thisrulewidth=\dimen131
)
(/usr/local/texlive/2015/texmf-dist/tex/latex/framed/framed.sty
Package: framed 2011/10/22 v 0.96: framed or shaded text with page breaks
\OuterFrameSep=\skip54
\fb@frw=\dimen132
\fb@frh=\dimen133
\FrameRule=\dimen134
\FrameSep=\dimen135
) (./_main.aux)
\openout1 = `_main.aux'.

LaTeX Font Info:    Checking defaults for OML/cmm/m/it on input line 75.
LaTeX Font Info:    ... okay on input line 75.
LaTeX Font Info:    Checking defaults for T1/cmr/m/n on input line 75.
LaTeX Font Info:    ... okay on input line 75.
LaTeX Font Info:    Checking defaults for OT1/cmr/m/n on input line 75.
LaTeX Font Info:    ... okay on input line 75.
LaTeX Font Info:    Checking defaults for OMS/cmsy/m/n on input line 75.
LaTeX Font Info:    ... okay on input line 75.
LaTeX Font Info:    Checking defaults for OMX/cmex/m/n on input line 75.
LaTeX Font Info:    ... okay on input line 75.
LaTeX Font Info:    Checking defaults for U/cmr/m/n on input line 75.
LaTeX Font Info:    ... okay on input line 75.
LaTeX Font Info:    Checking defaults for TS1/cmr/m/n on input line 75.
LaTeX Font Info:    Try loading font information for TS1+cmr on input line 75.

(/usr/local/texlive/2015/texmf-dist/tex/latex/base/ts1cmr.fd
File: ts1cmr.fd 2014/09/29 v2.5h Standard LaTeX font definitions
)
LaTeX Font Info:    ... okay on input line 75.
LaTeX Font Info:    Checking defaults for PD1/pdf/m/n on input line 75.
LaTeX Font Info:    ... okay on input line 75.

(/usr/local/texlive/2015/texmf-dist/tex/context/base/supp-pdf.mkii
[Loading MPS to PDF converter (version 2006.09.02).]
\scratchcounter=\count123
\scratchdimen=\dimen136
\scratchbox=\box33
\nofMPsegments=\count124
\nofMParguments=\count125
\everyMPshowfont=\toks23
\MPscratchCnt=\count126
\MPscratchDim=\dimen137
\MPnumerator=\count127
\makeMPintoPDFobject=\count128
\everyMPtoPDFconversion=\toks24
) (/usr/local/texlive/2015/texmf-dist/tex/latex/oberdiek/epstopdf-base.sty
Package: epstopdf-base 2010/02/09 v2.5 Base part for package epstopdf

(/usr/local/texlive/2015/texmf-dist/tex/latex/oberdiek/grfext.sty
Package: grfext 2010/08/19 v1.1 Manage graphics extensions (HO)
)
Package grfext Info: Graphics extension search list:
(grfext)             [.png,.pdf,.jpg,.mps,.jpeg,.jbig2,.jb2,.PNG,.PDF,.JPG,.JPE
G,.JBIG2,.JB2,.eps]
(grfext)             \AppendGraphicsExtensions on input line 452.

(/usr/local/texlive/2015/texmf-dist/tex/latex/latexconfig/epstopdf-sys.cfg
File: epstopdf-sys.cfg 2010/07/13 v1.3 Configuration of (r)epstopdf for TeX Liv
e
))
\AtBeginShipoutBox=\box34
Package hyperref Info: Link coloring OFF on input line 75.

(/usr/local/texlive/2015/texmf-dist/tex/latex/hyperref/nameref.sty
Package: nameref 2012/10/27 v2.43 Cross-referencing by name of section

(/usr/local/texlive/2015/texmf-dist/tex/generic/oberdiek/gettitlestring.sty
Package: gettitlestring 2010/12/03 v1.4 Cleanup title references (HO)
)
\c@section@level=\count129
)
LaTeX Info: Redefining \ref on input line 75.
LaTeX Info: Redefining \pageref on input line 75.
LaTeX Info: Redefining \nameref on input line 75.

(./_main.out) (./_main.out)
\@outlinefile=\write4
\openout4 = `_main.out'.

 [1


{/usr/local/texlive/2015/texmf-var/fonts/map/pdftex/updmap/pdftex.map}] (./_mai
n.tocpdfTeX warning (ext4): destination with the same identifier (name{page.1})
 has been already used, duplicate ignored
<to be read again> 
                   \relax 
l.30 ...allocation of treatments}{36}{section.2.5}
                                                   [1

] [2] [3] [4] [5] [6])
\tf@toc=\write5
\openout5 = `_main.toc'.


[7] [8

] [9] [10]
Chapter 1.
[11

] <_images/MSAMap.png, id=1278, 888.31876pt x 379.4175pt>
File: _images/MSAMap.png Graphic file (type png)

<use _images/MSAMap.png>
Package pdftex.def Info: _images/MSAMap.png used on input line 153.
(pdftex.def)             Requested size: 292.5pt x 124.93027pt.
 [12 <./_images/MSAMap.png>] [13] [14]
<_images/FalseResults.jpg, id=1306, 301.125pt x 400.49625pt>
File: _images/FalseResults.jpg Graphic file (type jpg)

<use _images/FalseResults.jpg>
Package pdftex.def Info: _images/FalseResults.jpg used on input line 227.
(pdftex.def)             Requested size: 195.0pt x 259.36003pt.
 [15] [16 <./_images/FalseResults.jpg>] [17]
[18] [19] [20]
<_images/PseudoReplication.png, id=1354, 558.085pt x 344.28625pt>
File: _images/PseudoReplication.png Graphic file (type png)

<use _images/PseudoReplication.png>
Package pdftex.def Info: _images/PseudoReplication.png used on input line 352.
(pdftex.def)             Requested size: 292.5pt x 180.44829pt.
 [21 <./_images/PseudoReplication.png>]
[22] <_images/LackRandomisation.png, id=1371, 1297.84875pt x 338.26375pt>
File: _images/LackRandomisation.png Graphic file (type png)

<use _images/LackRandomisation.png>
Package pdftex.def Info: _images/LackRandomisation.png used on input line 374.
(pdftex.def)             Requested size: 409.50119pt x 106.72913pt.

Overfull \hbox (19.50119pt too wide) in paragraph at lines 374--375
 [][] 
 []


Overfull \hbox (0.28761pt too wide) in paragraph at lines 387--388
[]\OT1/cmr/m/n/12 As the re-sult of us-ing proper ran-domi-sa-tion, all ex-per-
i-men-tal units are equally
 []

[23 <./_images/LackRandomisation.png>] [24]
<_images/Confounding.png, id=1390, 939.51pt x 609.27625pt>
File: _images/Confounding.png Graphic file (type png)

<use _images/Confounding.png>
Package pdftex.def Info: _images/Confounding.png used on input line 423.
(pdftex.def)             Requested size: 292.5pt x 189.6825pt.
 [25 <./_images/Confounding.png>]
<_images/PannaAcida.png, id=1398, 759.83875pt x 337.26pt>
File: _images/PannaAcida.png Graphic file (type png)

<use _images/PannaAcida.png>
Package pdftex.def Info: _images/PannaAcida.png used on input line 436.
(pdftex.def)             Requested size: 350.99762pt x 155.79504pt.

Overfull \hbox (24.55963pt too wide) in paragraph at lines 444--444
[]\OT1/cmr/bx/n/14.4 Lack of true-replicates or care-less ran-domi-sa-tion 
 []

<_images/Randomisation.jpg, id=1400, 722.7pt x 542.025pt>
File: _images/Randomisation.jpg Graphic file (type jpg)

<use _images/Randomisation.jpg>
Package pdftex.def Info: _images/Randomisation.jpg used on input line 465.
(pdftex.def)             Requested size: 350.99762pt x 263.24571pt.
 [26 <./_images/PannaAcida.png>] [27 <./_images/Randomisation.jpg>] [28]
<_images/PeerReview.jpg, id=1426, 526.96875pt x 338.26375pt>
File: _images/PeerReview.jpg Graphic file (type jpg)

<use _images/PeerReview.jpg>
Package pdftex.def Info: _images/PeerReview.jpg used on input line 508.
(pdftex.def)             Requested size: 292.5pt x 187.7644pt.
 [29] [30 <./_images/PeerReview.jpg>]
Overfull \hbox (481.0001pt too wide) in paragraph at lines 539--540
\OT1/cmtt/m/n/12 sciencetech / article-[]2640550 / Does-[]sour-[]cream-[]cause-
[]bike-[]accidents-[]No-[]looks-[]like-[]does-[]Graphs-[]reveal-[]statistics-[]
produce-[]false-[]connections .
 []

[31]
Chapter 2.
[32

] [33] [34] [35]
Overfull \hbox (8.87672pt too wide) in paragraph at lines 670--671
[]\OT1/cmr/m/n/12 It is use-ful to clas-sify the vari-ables de-pend-ing on thei
r char-ac-ter-is-tics, into 
 []

[36] [37]
LaTeX Font Info:    Try loading font information for OML+cmr on input line 705.

 (/usr/local/texlive/2015/texmf-dist/tex/latex/base/omlcmr.fd
File: omlcmr.fd 2014/09/29 v2.5h Standard LaTeX font definitions
)
LaTeX Font Info:    Font shape `OML/cmr/m/n' in size <12> not available
(Font)              Font shape `OML/cmm/m/it' tried instead on input line 705.

[38] [39] [40] <_images/OnFarmTrial.png, id=1544, 1027.84pt x 770.88pt>
File: _images/OnFarmTrial.png Graphic file (type png)

<use _images/OnFarmTrial.png>
Package pdftex.def Info: _images/OnFarmTrial.png used on input line 784.
(pdftex.def)             Requested size: 350.99762pt x 263.24847pt.
 [41 <./_images/OnFarmTrial.png>]
<_images/SorgoProveVarietali.jpg, id=1552, 802.197pt x 466.1415pt>
File: _images/SorgoProveVarietali.jpg Graphic file (type jpg)

<use _images/SorgoProveVarietali.jpg>
Package pdftex.def Info: _images/SorgoProveVarietali.jpg used on input line 797
.
(pdftex.def)             Requested size: 350.99762pt x 203.95773pt.
 [42 <./_images/SorgoProveVarietali.jpg>]
<_images/Mappa1.png, id=1560, 682.55pt x 720.6925pt>
File: _images/Mappa1.png Graphic file (type png)
 <use _images/Mappa1.png>
Package pdftex.def Info: _images/Mappa1.png used on input line 820.
(pdftex.def)             Requested size: 350.99762pt x 370.61644pt.

[43] [44 <./_images/Mappa1.png>]
<_images/Mappa1CRD.png, id=1576, 682.55pt x 717.68124pt>
File: _images/Mappa1CRD.png Graphic file (type png)

<use _images/Mappa1CRD.png>
Package pdftex.def Info: _images/Mappa1CRD.png used on input line 839.
(pdftex.def)             Requested size: 378.30048pt x 397.7812pt.

<_images/Mappa1CRBD.png, id=1580, 685.56125pt x 716.6775pt>
File: _images/Mappa1CRBD.png Graphic file (type png)

<use _images/Mappa1CRBD.png>
Package pdftex.def Info: _images/Mappa1CRBD.png used on input line 857.
(pdftex.def)             Requested size: 378.30048pt x 395.48613pt.
 [45] [46 <./_images/Mappa1CRD.png>] [47 <./_images/Mappa1CRBD.png>] <_images/M
appa2LS.png, id=1602, 458.71375pt x 710.655pt>
File: _images/Mappa2LS.png Graphic file (type png)

<use _images/Mappa2LS.png>
Package pdftex.def Info: _images/Mappa2LS.png used on input line 873.
(pdftex.def)             Requested size: 272.99881pt x 422.95883pt.

<_images/TurniOperatori.png, id=1604, 687.56876pt x 288.07625pt>
File: _images/TurniOperatori.png Graphic file (type png)

<use _images/TurniOperatori.png>
Package pdftex.def Info: _images/TurniOperatori.png used on input line 886.
(pdftex.def)             Requested size: 350.99762pt x 147.05759pt.
 [48] [49 <./_images/Mappa2LS.png>]
<_images/Mappa3FATT.png, id=1620, 558.085pt x 803.0pt>
File: _images/Mappa3FATT.png Graphic file (type png)

<use _images/Mappa3FATT.png>
Package pdftex.def Info: _images/Mappa3FATT.png used on input line 902.
(pdftex.def)             Requested size: 292.5pt x 420.87065pt.

<_images/Mappa3split.png, id=1622, 548.0475pt x 667.49374pt>
File: _images/Mappa3split.png Graphic file (type png)

<use _images/Mappa3split.png>
Package pdftex.def Info: _images/Mappa3split.png used on input line 913.
(pdftex.def)             Requested size: 292.5pt x 356.25517pt.
 [50 <./_images/TurniOperatori.png>] [51 <./_images/Mappa3FATT.png>] [52 <./_im
ages/Mappa3split.png>]
<_images/StripPlotEng.png, id=1644, 1014.79124pt x 387.4475pt>
File: _images/StripPlotEng.png Graphic file (type png)

<use _images/StripPlotEng.png>
Package pdftex.def Info: _images/StripPlotEng.png used on input line 937.
(pdftex.def)             Requested size: 292.5pt x 111.67702pt.
 [53] [54 <./_images/StripPlotEng.png>]
Chapter 3.

Overfull \hbox (7.45604pt too wide) in paragraph at lines 970--971
\OT1/cmr/m/n/12 The fi-nal out-come of ev-ery ma-nip-u-la-tive/comparative ex-p
er-i-ment is a \OT1/cmr/bx/n/12 dataset\OT1/cmr/m/n/12 ,
 []

[55

] [56] [57] [58]
<_images/CorrelationExample.png, id=1691, 1087.06125pt x 552.0625pt>
File: _images/CorrelationExample.png Graphic file (type png)

<use _images/CorrelationExample.png>
Package pdftex.def Info: _images/CorrelationExample.png used on input line 1068
.
(pdftex.def)             Requested size: 292.5pt x 148.54501pt.
LaTeX Font Info:    Try loading font information for OML+cmtt on input line 107
9.
LaTeX Font Info:    No file OMLcmtt.fd. on input line 1079.


LaTeX Font Warning: Font shape `OML/cmtt/m/n' undefined
(Font)              using `OML/cmm/m/it' instead
(Font)              for symbol `textless' on input line 1079.

[59]
LaTeX Font Info:    Try loading font information for OMS+cmr on input line 1105
.
 (/usr/local/texlive/2015/texmf-dist/tex/latex/base/omscmr.fd
File: omscmr.fd 2014/09/29 v2.5h Standard LaTeX font definitions
)
LaTeX Font Info:    Font shape `OMS/cmr/m/n' in size <12> not available
(Font)              Font shape `OMS/cmsy/m/n' tried instead on input line 1105.

 [60 <./_images/CorrelationExample.png>] [61] [62]
Overfull \hbox (21.25635pt too wide) in paragraph at lines 1196--1196
[]\OT1/cmr/bx/n/14.4 Descriptive stats for dis-tri-bu-tions of fre-quen-cies 
 []

[63]
Overfull \hbox (34.53113pt too wide) in paragraph at lines 1245--1256
 [][] 
 []

[64]
Overfull \hbox (42.8602pt too wide) in paragraph at lines 1271--1282
 [][] 
 []

[65] [66] [67]
Overfull \hbox (6.61949pt too wide) in paragraph at lines 1388--1389
[]\OT1/cmr/m/n/12 Now, we can com-bine the two newly cre-ated vec-tors into a s
um-mary dataframe.
 []

[68] [69] [70]

! LaTeX Error: File `_main_files/figure-latex/figName242-1' not found.

See the LaTeX manual or LaTeX Companion for explanation.
Type  H <return>  for immediate help.
 ...                                              
                                                  
l.1513 ...]{_main_files/figure-latex/figName242-1}
                                                  
I could not locate the file with any of these extensions:
.png,.pdf,.jpg,.mps,.jpeg,.jbig2,.jb2,.PNG,.PDF,.JPG,.JPEG,.JBIG2,.JB2,.eps
Try typing  <return>  to proceed.
If that doesn't work, type  X <return>  to quit.


Overfull \vbox (1.06247pt too high) detected at line 1537
 []

[71]

! LaTeX Error: File `_main_files/figure-latex/figName241-1' not found.

See the LaTeX manual or LaTeX Companion for explanation.
Type  H <return>  for immediate help.
 ...                                              
                                                  
l.1541 ...]{_main_files/figure-latex/figName241-1}
                                                  
I could not locate the file with any of these extensions:
.png,.pdf,.jpg,.mps,.jpeg,.jbig2,.jb2,.PNG,.PDF,.JPG,.JPEG,.JBIG2,.JB2,.eps
Try typing  <return>  to proceed.
If that doesn't work, type  X <return>  to quit.


! LaTeX Error: File `_main_files/figure-latex/figName244-1' not found.

See the LaTeX manual or LaTeX Companion for explanation.
Type  H <return>  for immediate help.
 ...                                              
                                                  
l.1561 ...]{_main_files/figure-latex/figName244-1}
                                                  
I could not locate the file with any of these extensions:
.png,.pdf,.jpg,.mps,.jpeg,.jbig2,.jb2,.PNG,.PDF,.JPG,.JPEG,.JBIG2,.JB2,.eps
Try typing  <return>  to proceed.
If that doesn't work, type  X <return>  to quit.


! LaTeX Error: File `_main_files/figure-latex/figName243-1' not found.

See the LaTeX manual or LaTeX Companion for explanation.
Type  H <return>  for immediate help.
 ...                                              
                                                  
l.1578 ...]{_main_files/figure-latex/figName243-1}
                                                  
I could not locate the file with any of these extensions:
.png,.pdf,.jpg,.mps,.jpeg,.jbig2,.jb2,.PNG,.PDF,.JPG,.JPEG,.JBIG2,.JB2,.eps
Try typing  <return>  to proceed.
If that doesn't work, type  X <return>  to quit.

[72] [73]
Chapter 4.
[74

] [75] [76] [77] [78]
Overfull \hbox (46.88477pt too wide) in paragraph at lines 1732--1733
[]\OT1/cmr/m/n/12 the prob-a-bil-i-ties for all pos-si-ble events $\OML/cmm/m/i
t/12 y$ \OT1/cmr/m/n/12 must sum up to one, i.e. $[] [] =
 []

[79] [80]

! LaTeX Error: File `_main_files/figure-latex/figName50b-1' not found.

See the LaTeX manual or LaTeX Companion for explanation.
Type  H <return>  for immediate help.
 ...                                              
                                                  
l.1794 ...s{_main_files/figure-latex/figName50b-1}
                                                  
I could not locate the file with any of these extensions:
.png,.pdf,.jpg,.mps,.jpeg,.jbig2,.jb2,.PNG,.PDF,.JPG,.JPEG,.JBIG2,.JB2,.eps
Try typing  <return>  to proceed.
If that doesn't work, type  X <return>  to quit.

[81] [82]

! LaTeX Error: File `_main_files/figure-latex/figName51-1' not found.

See the LaTeX manual or LaTeX Companion for explanation.
Type  H <return>  for immediate help.
 ...                                              
                                                  
l.1852 ...h]{_main_files/figure-latex/figName51-1}
                                                  
I could not locate the file with any of these extensions:
.png,.pdf,.jpg,.mps,.jpeg,.jbig2,.jb2,.PNG,.PDF,.JPG,.JPEG,.JBIG2,.JB2,.eps
Try typing  <return>  to proceed.
If that doesn't work, type  X <return>  to quit.


! LaTeX Error: File `_main_files/figure-latex/figName52-1' not found.

See the LaTeX manual or LaTeX Companion for explanation.
Type  H <return>  for immediate help.
 ...                                              
                                                  
l.1861 ...h]{_main_files/figure-latex/figName52-1}
                                                  
I could not locate the file with any of these extensions:
.png,.pdf,.jpg,.mps,.jpeg,.jbig2,.jb2,.PNG,.PDF,.JPG,.JPEG,.JBIG2,.JB2,.eps
Try typing  <return>  to proceed.
If that doesn't work, type  X <return>  to quit.

[83] [84] [85] [86] [87] [88] [89]
Chapter 5.
<_images/ExperimentalError.png, id=1902, 1075.01625pt x 797.98125pt>
File: _images/ExperimentalError.png Graphic file (type png)

<use _images/ExperimentalError.png>
Package pdftex.def Info: _images/ExperimentalError.png used on input line 2081.

(pdftex.def)             Requested size: 292.5pt x 217.11377pt.
 [90

] [91 <./_images/ExperimentalError.png>] [92]
LaTeX Font Info:    Try loading font information for OMS+cmtt on input line 215
6.

(/Library/Frameworks/R.framework/Resources/share/texmf/tex/latex/omscmtt.fd
File: omscmtt.fd 
)
LaTeX Font Info:    Font shape `OMS/cmtt/m/n' in size <10.95> not available
(Font)              Font shape `OMS/cmsy/m/n' tried instead on input line 2156.


[93]

! LaTeX Error: File `_main_files/figure-latex/figName62-1' not found.

See the LaTeX manual or LaTeX Companion for explanation.
Type  H <return>  for immediate help.
 ...                                              
                                                  
l.2182 ...h]{_main_files/figure-latex/figName62-1}
                                                  
I could not locate the file with any of these extensions:
.png,.pdf,.jpg,.mps,.jpeg,.jbig2,.jb2,.PNG,.PDF,.JPG,.JPEG,.JBIG2,.JB2,.eps
Try typing  <return>  to proceed.
If that doesn't work, type  X <return>  to quit.

[94] <_images/ConfidenceInterval.png, id=1944, 722.7pt x 542.025pt>
File: _images/ConfidenceInterval.png Graphic file (type png)

<use _images/ConfidenceInterval.png>
Package pdftex.def Info: _images/ConfidenceInterval.png used on input line 2230
.
(pdftex.def)             Requested size: 350.99762pt x 263.24571pt.
 [95] [96 <./_images/ConfidenceInterval.png>] [97] [98] [99] [100]

! LaTeX Error: File `_main_files/figure-latex/figName62c-1' not found.

See the LaTeX manual or LaTeX Companion for explanation.
Type  H <return>  for immediate help.
 ...                                              
                                                  
l.2399 ...]{_main_files/figure-latex/figName62c-1}
                                                  
I could not locate the file with any of these extensions:
.png,.pdf,.jpg,.mps,.jpeg,.jbig2,.jb2,.PNG,.PDF,.JPG,.JPEG,.JBIG2,.JB2,.eps
Try typing  <return>  to proceed.
If that doesn't work, type  X <return>  to quit.


Overfull \hbox (5.75557pt too wide) in paragraph at lines 2423--2425
\OT1/cmr/m/n/12 on the se-lected statis-tic (e.g. $\OML/cmm/m/it/12 ^^[=[]$ \OT
1/cmr/m/n/12 for the mean and $[]\OML/cmm/m/it/12 =[]n\OT1/cmr/m/n/12 )$
 []

[101] [102]
Chapter 6.
[103

] [104] [105] [106] [107]

! LaTeX Error: File `_main_files/figure-latex/figName71-1' not found.

See the LaTeX manual or LaTeX Companion for explanation.
Type  H <return>  for immediate help.
 ...                                              
                                                  
l.2641 ...h]{_main_files/figure-latex/figName71-1}
                                                  
I could not locate the file with any of these extensions:
.png,.pdf,.jpg,.mps,.jpeg,.jbig2,.jb2,.PNG,.PDF,.JPG,.JPEG,.JBIG2,.JB2,.eps
Try typing  <return>  to proceed.
If that doesn't work, type  X <return>  to quit.

[108] [109] [110]
Overfull \hbox (18.63048pt too wide) in paragraph at lines 2785--2786
\OT1/cmr/m/n/12 What if we have a nom-i-nal re-sponse, e.g. death/alive, ger-mi
-nated/ungerminated?
 []

[111] [112]
LaTeX Font Info:    Try loading font information for TS1+cmtt on input line 283
8.
 (/usr/local/texlive/2015/texmf-dist/tex/latex/base/ts1cmtt.fd
File: ts1cmtt.fd 2014/09/29 v2.5h Standard LaTeX font definitions
)
[113] <_images/statisticalErrors.jpeg, id=2066, 682.55pt x 508.90125pt>
File: _images/statisticalErrors.jpeg Graphic file (type jpg)

<use _images/statisticalErrors.jpeg>
Package pdftex.def Info: _images/statisticalErrors.jpeg used on input line 2861
.
(pdftex.def)             Requested size: 331.50238pt x 247.16624pt.
 [114 <./_images/statisticalErrors.jpeg>]
[115]
Chapter 7.

Overfull \hbox (37.13774pt too wide) in paragraph at lines 2890--2890
[]\OT1/cmr/bx/n/17.28 Comparing her-bi-cides in a pot-experiment 
 []

[116

] [117] [118] [119] [120] [121] [122] [123] [124] [125] [126]

! LaTeX Error: File `_main_files/figure-latex/figNameF-1' not found.

See the LaTeX manual or LaTeX Companion for explanation.
Type  H <return>  for immediate help.
 ...                                              
                                                  
l.3288 ...th]{_main_files/figure-latex/figNameF-1}
                                                  
I could not locate the file with any of these extensions:
.png,.pdf,.jpg,.mps,.jpeg,.jbig2,.jb2,.PNG,.PDF,.JPG,.JPEG,.JBIG2,.JB2,.eps
Try typing  <return>  to proceed.
If that doesn't work, type  X <return>  to quit.

[127] [128] [129]
Overfull \hbox (1.76569pt too wide) in paragraph at lines 3439--3440
\OT1/cmr/m/n/12 bal-anced, they dif-fer and pro-vide bet-ter es-ti-ma-tors of p
op-u-la-tion means. 
 []

[130] [131]
Chapter 8.
[132

] [133]

! LaTeX Error: File `_main_files/figure-latex/figName101-1' not found.

See the LaTeX manual or LaTeX Companion for explanation.
Type  H <return>  for immediate help.
 ...                                              
                                                  
l.3559 ...]{_main_files/figure-latex/figName101-1}
                                                  
I could not locate the file with any of these extensions:
.png,.pdf,.jpg,.mps,.jpeg,.jbig2,.jb2,.PNG,.PDF,.JPG,.JPEG,.JBIG2,.JB2,.eps
Try typing  <return>  to proceed.
If that doesn't work, type  X <return>  to quit.


! LaTeX Error: File `_main_files/figure-latex/figName102-1' not found.

See the LaTeX manual or LaTeX Companion for explanation.
Type  H <return>  for immediate help.
 ...                                              
                                                  
l.3568 ...]{_main_files/figure-latex/figName102-1}
                                                  
I could not locate the file with any of these extensions:
.png,.pdf,.jpg,.mps,.jpeg,.jbig2,.jb2,.PNG,.PDF,.JPG,.JPEG,.JBIG2,.JB2,.eps
Try typing  <return>  to proceed.
If that doesn't work, type  X <return>  to quit.


! LaTeX Error: File `_main_files/figure-latex/figName103-1' not found.

See the LaTeX manual or LaTeX Companion for explanation.
Type  H <return>  for immediate help.
 ...                                              
                                                  
l.3581 ...]{_main_files/figure-latex/figName103-1}
                                                  
I could not locate the file with any of these extensions:
.png,.pdf,.jpg,.mps,.jpeg,.jbig2,.jb2,.PNG,.PDF,.JPG,.JPEG,.JBIG2,.JB2,.eps
Try typing  <return>  to proceed.
If that doesn't work, type  X <return>  to quit.

[134]

! LaTeX Error: File `_main_files/figure-latex/figName104-1' not found.

See the LaTeX manual or LaTeX Companion for explanation.
Type  H <return>  for immediate help.
 ...                                              
                                                  
l.3590 ...]{_main_files/figure-latex/figName104-1}
                                                  
I could not locate the file with any of these extensions:
.png,.pdf,.jpg,.mps,.jpeg,.jbig2,.jb2,.PNG,.PDF,.JPG,.JPEG,.JBIG2,.JB2,.eps
Try typing  <return>  to proceed.
If that doesn't work, type  X <return>  to quit.

[135]

! LaTeX Error: File `_main_files/figure-latex/figName105-1' not found.

See the LaTeX manual or LaTeX Companion for explanation.
Type  H <return>  for immediate help.
 ...                                              
                                                  
l.3634 ...]{_main_files/figure-latex/figName105-1}
                                                  
I could not locate the file with any of these extensions:
.png,.pdf,.jpg,.mps,.jpeg,.jbig2,.jb2,.PNG,.PDF,.JPG,.JPEG,.JBIG2,.JB2,.eps
Try typing  <return>  to proceed.
If that doesn't work, type  X <return>  to quit.


! LaTeX Error: File `_main_files/figure-latex/figName106-1' not found.

See the LaTeX manual or LaTeX Companion for explanation.
Type  H <return>  for immediate help.
 ...                                              
                                                  
l.3645 ...]{_main_files/figure-latex/figName106-1}
                                                  
I could not locate the file with any of these extensions:
.png,.pdf,.jpg,.mps,.jpeg,.jbig2,.jb2,.PNG,.PDF,.JPG,.JPEG,.JBIG2,.JB2,.eps
Try typing  <return>  to proceed.
If that doesn't work, type  X <return>  to quit.


! LaTeX Error: File `_main_files/figure-latex/figName107-1' not found.

See the LaTeX manual or LaTeX Companion for explanation.
Type  H <return>  for immediate help.
 ...                                              
                                                  
l.3656 ...]{_main_files/figure-latex/figName107-1}
                                                  
I could not locate the file with any of these extensions:
.png,.pdf,.jpg,.mps,.jpeg,.jbig2,.jb2,.PNG,.PDF,.JPG,.JPEG,.JBIG2,.JB2,.eps
Try typing  <return>  to proceed.
If that doesn't work, type  X <return>  to quit.

[136]

! LaTeX Error: File `_main_files/figure-latex/figName108-1' not found.

See the LaTeX manual or LaTeX Companion for explanation.
Type  H <return>  for immediate help.
 ...                                              
                                                  
l.3667 ...]{_main_files/figure-latex/figName108-1}
                                                  
I could not locate the file with any of these extensions:
.png,.pdf,.jpg,.mps,.jpeg,.jbig2,.jb2,.PNG,.PDF,.JPG,.JPEG,.JBIG2,.JB2,.eps
Try typing  <return>  to proceed.
If that doesn't work, type  X <return>  to quit.


! LaTeX Error: File `_main_files/figure-latex/figName109-1' not found.

See the LaTeX manual or LaTeX Companion for explanation.
Type  H <return>  for immediate help.
 ...                                              
                                                  
l.3676 ...]{_main_files/figure-latex/figName109-1}
                                                  
I could not locate the file with any of these extensions:
.png,.pdf,.jpg,.mps,.jpeg,.jbig2,.jb2,.PNG,.PDF,.JPG,.JPEG,.JBIG2,.JB2,.eps
Try typing  <return>  to proceed.
If that doesn't work, type  X <return>  to quit.

[137] [138] [139] [140] [141]

! LaTeX Error: File `_main_files/figure-latex/figName110a-1' not found.

See the LaTeX manual or LaTeX Companion for explanation.
Type  H <return>  for immediate help.
 ...                                              
                                                  
l.3838 ...{_main_files/figure-latex/figName110a-1}
                                                  
I could not locate the file with any of these extensions:
.png,.pdf,.jpg,.mps,.jpeg,.jbig2,.jb2,.PNG,.PDF,.JPG,.JPEG,.JBIG2,.JB2,.eps
Try typing  <return>  to proceed.
If that doesn't work, type  X <return>  to quit.


! LaTeX Error: File `_main_files/figure-latex/figName110-1' not found.

See the LaTeX manual or LaTeX Companion for explanation.
Type  H <return>  for immediate help.
 ...                                              
                                                  
l.3873 ...]{_main_files/figure-latex/figName110-1}
                                                  
I could not locate the file with any of these extensions:
.png,.pdf,.jpg,.mps,.jpeg,.jbig2,.jb2,.PNG,.PDF,.JPG,.JPEG,.JBIG2,.JB2,.eps
Try typing  <return>  to proceed.
If that doesn't work, type  X <return>  to quit.

[142]

! LaTeX Error: File `_main_files/figure-latex/figName111-1' not found.

See the LaTeX manual or LaTeX Companion for explanation.
Type  H <return>  for immediate help.
 ...                                              
                                                  
l.3912 ...]{_main_files/figure-latex/figName111-1}
                                                  
I could not locate the file with any of these extensions:
.png,.pdf,.jpg,.mps,.jpeg,.jbig2,.jb2,.PNG,.PDF,.JPG,.JPEG,.JBIG2,.JB2,.eps
Try typing  <return>  to proceed.
If that doesn't work, type  X <return>  to quit.

[143]

! LaTeX Error: File `_main_files/figure-latex/figName112-1' not found.

See the LaTeX manual or LaTeX Companion for explanation.
Type  H <return>  for immediate help.
 ...                                              
                                                  
l.3934 ...]{_main_files/figure-latex/figName112-1}
                                                  
I could not locate the file with any of these extensions:
.png,.pdf,.jpg,.mps,.jpeg,.jbig2,.jb2,.PNG,.PDF,.JPG,.JPEG,.JBIG2,.JB2,.eps
Try typing  <return>  to proceed.
If that doesn't work, type  X <return>  to quit.

[144] [145] [146]
Chapter 9.
[147

]
Overfull \hbox (14.27083pt too wide) has occurred while \output is active
\OT1/cmr/m/sl/12 CHAPTER 9.  CONTRASTS AND MULTIPLE COMPARISON TESTING \OT1/cmr
/m/n/12 148
 []

[148]
Overfull \hbox (14.27083pt too wide) has occurred while \output is active
\OT1/cmr/m/sl/12 CHAPTER 9.  CONTRASTS AND MULTIPLE COMPARISON TESTING \OT1/cmr
/m/n/12 149
 []

[149]
Overfull \hbox (27.74582pt too wide) detected at line 4106
[]\OT1/cmr/m/n/12 (\OML/cmm/m/it/12 k\OT1/cmr/m/n/12 ) = [][] \OMS/cmsy/m/n/12 
^^A \OT1/cmr/m/n/12 3\OML/cmm/m/it/12 :\OT1/cmr/m/n/12 83703 + [][] \OMS/cmsy/m
/n/12 ^^A \OT1/cmr/m/n/12 3\OML/cmm/m/it/12 :\OT1/cmr/m/n/12 83703 + [][] \OMS/
cmsy/m/n/12 ^^A \OT1/cmr/m/n/12 3\OML/cmm/m/it/12 :\OT1/cmr/m/n/12 83703 + [][]
 \OMS/cmsy/m/n/12 ^^A \OT1/cmr/m/n/12 3\OML/cmm/m/it/12 :\OT1/cmr/m/n/12 83703 
= 5\OML/cmm/m/it/12 :\OT1/cmr/m/n/12 11604
 []


Overfull \hbox (14.27083pt too wide) has occurred while \output is active
\OT1/cmr/m/sl/12 CHAPTER 9.  CONTRASTS AND MULTIPLE COMPARISON TESTING \OT1/cmr
/m/n/12 150
 []

[150]
Overfull \hbox (14.27083pt too wide) has occurred while \output is active
\OT1/cmr/m/sl/12 CHAPTER 9.  CONTRASTS AND MULTIPLE COMPARISON TESTING \OT1/cmr
/m/n/12 151
 []

[151]
Overfull \hbox (14.27083pt too wide) has occurred while \output is active
\OT1/cmr/m/sl/12 CHAPTER 9.  CONTRASTS AND MULTIPLE COMPARISON TESTING \OT1/cmr
/m/n/12 152
 []

[152]
Overfull \hbox (14.27083pt too wide) has occurred while \output is active
\OT1/cmr/m/sl/12 CHAPTER 9.  CONTRASTS AND MULTIPLE COMPARISON TESTING \OT1/cmr
/m/n/12 153
 []

[153]
Overfull \hbox (14.27083pt too wide) has occurred while \output is active
\OT1/cmr/m/sl/12 CHAPTER 9.  CONTRASTS AND MULTIPLE COMPARISON TESTING \OT1/cmr
/m/n/12 154
 []

[154]
Overfull \hbox (14.27083pt too wide) has occurred while \output is active
\OT1/cmr/m/sl/12 CHAPTER 9.  CONTRASTS AND MULTIPLE COMPARISON TESTING \OT1/cmr
/m/n/12 155
 []

[155]
Overfull \hbox (14.27083pt too wide) has occurred while \output is active
\OT1/cmr/m/sl/12 CHAPTER 9.  CONTRASTS AND MULTIPLE COMPARISON TESTING \OT1/cmr
/m/n/12 156
 []

[156]
Overfull \hbox (14.27083pt too wide) has occurred while \output is active
\OT1/cmr/m/sl/12 CHAPTER 9.  CONTRASTS AND MULTIPLE COMPARISON TESTING \OT1/cmr
/m/n/12 157
 []

[157]
Underfull \vbox (badness 1281) detected at line 4480
 []


Overfull \hbox (14.27083pt too wide) has occurred while \output is active
\OT1/cmr/m/sl/12 CHAPTER 9.  CONTRASTS AND MULTIPLE COMPARISON TESTING \OT1/cmr
/m/n/12 158
 []

[158]
Overfull \hbox (14.27083pt too wide) has occurred while \output is active
\OT1/cmr/m/sl/12 CHAPTER 9.  CONTRASTS AND MULTIPLE COMPARISON TESTING \OT1/cmr
/m/n/12 159
 []

[159]
Overfull \hbox (21.0877pt too wide) in paragraph at lines 4539--4540
\OT1/cmr/m/n/12 are dif-fer-ent from the arith-metic means on the orig-i-nal (u
n-trasformed) scale: 
 []


Overfull \hbox (14.27083pt too wide) has occurred while \output is active
\OT1/cmr/m/sl/12 CHAPTER 9.  CONTRASTS AND MULTIPLE COMPARISON TESTING \OT1/cmr
/m/n/12 160
 []

[160]
Overfull \hbox (14.27083pt too wide) has occurred while \output is active
\OT1/cmr/m/sl/12 CHAPTER 9.  CONTRASTS AND MULTIPLE COMPARISON TESTING \OT1/cmr
/m/n/12 161
 []

[161]
Overfull \hbox (15.58005pt too wide) in paragraph at lines 4627--4629
[]\OT1/cmr/m/n/12 Chew, V. 1976, Com-par-ing treat-ment means: a com-pendium. H
ortscience,
 []


Overfull \hbox (14.27083pt too wide) has occurred while \output is active
\OT1/cmr/m/sl/12 CHAPTER 9.  CONTRASTS AND MULTIPLE COMPARISON TESTING \OT1/cmr
/m/n/12 162
 []

[162]
Chapter 10.
[163

] [164]
Overfull \vbox (0.27756pt too high) detected at line 4719
 []

[165] [166]
Underfull \vbox (badness 10000) detected at line 4806
 []


Underfull \vbox (badness 10000) detected at line 4806
 []

[167] [168]

! LaTeX Error: File `_main_files/figure-latex/figName121-1' not found.

See the LaTeX manual or LaTeX Companion for explanation.
Type  H <return>  for immediate help.
 ...                                              
                                                  
l.4888 ...]{_main_files/figure-latex/figName121-1}
                                                  
I could not locate the file with any of these extensions:
.png,.pdf,.jpg,.mps,.jpeg,.jbig2,.jb2,.PNG,.PDF,.JPG,.JPEG,.JBIG2,.JB2,.eps
Try typing  <return>  to proceed.
If that doesn't work, type  X <return>  to quit.

[169] [170] [171] [172]

! LaTeX Error: File `_main_files/figure-latex/figName122-1' not found.

See the LaTeX manual or LaTeX Companion for explanation.
Type  H <return>  for immediate help.
 ...                                              
                                                  
l.5035 ...]{_main_files/figure-latex/figName122-1}
                                                  
I could not locate the file with any of these extensions:
.png,.pdf,.jpg,.mps,.jpeg,.jbig2,.jb2,.PNG,.PDF,.JPG,.JPEG,.JBIG2,.JB2,.eps
Try typing  <return>  to proceed.
If that doesn't work, type  X <return>  to quit.

[173] [174]
Chapter 11.
[175

]

! LaTeX Error: File `_main_files/figure-latex/figName131-1' not found.

See the LaTeX manual or LaTeX Companion for explanation.
Type  H <return>  for immediate help.
 ...                                              
                                                  
l.5081 ...]{_main_files/figure-latex/figName131-1}
                                                  
I could not locate the file with any of these extensions:
.png,.pdf,.jpg,.mps,.jpeg,.jbig2,.jb2,.PNG,.PDF,.JPG,.JPEG,.JBIG2,.JB2,.eps
Try typing  <return>  to proceed.
If that doesn't work, type  X <return>  to quit.


Overfull \hbox (11.7236pt too wide) has occurred while \output is active
\OT1/cmr/m/sl/12 CHAPTER 11.  MULTI-WAY ANOVA MODELS WITH INTERACTIONS \OT1/cmr
/m/n/12 176
 []

[176]
Overfull \hbox (11.7236pt too wide) has occurred while \output is active
\OT1/cmr/m/sl/12 CHAPTER 11.  MULTI-WAY ANOVA MODELS WITH INTERACTIONS \OT1/cmr
/m/n/12 177
 []

[177]
Overfull \hbox (11.7236pt too wide) has occurred while \output is active
\OT1/cmr/m/sl/12 CHAPTER 11.  MULTI-WAY ANOVA MODELS WITH INTERACTIONS \OT1/cmr
/m/n/12 178
 []

[178]
Overfull \hbox (11.7236pt too wide) has occurred while \output is active
\OT1/cmr/m/sl/12 CHAPTER 11.  MULTI-WAY ANOVA MODELS WITH INTERACTIONS \OT1/cmr
/m/n/12 179
 []

[179]
Overfull \hbox (11.7236pt too wide) has occurred while \output is active
\OT1/cmr/m/sl/12 CHAPTER 11.  MULTI-WAY ANOVA MODELS WITH INTERACTIONS \OT1/cmr
/m/n/12 180
 []

[180]
Underfull \vbox (badness 10000) detected at line 5338
 []


Underfull \vbox (badness 10000) detected at line 5338
 []


Overfull \hbox (11.7236pt too wide) has occurred while \output is active
\OT1/cmr/m/sl/12 CHAPTER 11.  MULTI-WAY ANOVA MODELS WITH INTERACTIONS \OT1/cmr
/m/n/12 181
 []

[181]
Underfull \vbox (badness 1210) detected at line 5373
 []


Overfull \hbox (11.7236pt too wide) has occurred while \output is active
\OT1/cmr/m/sl/12 CHAPTER 11.  MULTI-WAY ANOVA MODELS WITH INTERACTIONS \OT1/cmr
/m/n/12 182
 []

[182]

! LaTeX Error: File `_main_files/figure-latex/figName133-1' not found.

See the LaTeX manual or LaTeX Companion for explanation.
Type  H <return>  for immediate help.
 ...                                              
                                                  
l.5426 ...]{_main_files/figure-latex/figName133-1}
                                                  
I could not locate the file with any of these extensions:
.png,.pdf,.jpg,.mps,.jpeg,.jbig2,.jb2,.PNG,.PDF,.JPG,.JPEG,.JBIG2,.JB2,.eps
Try typing  <return>  to proceed.
If that doesn't work, type  X <return>  to quit.


Overfull \hbox (11.7236pt too wide) has occurred while \output is active
\OT1/cmr/m/sl/12 CHAPTER 11.  MULTI-WAY ANOVA MODELS WITH INTERACTIONS \OT1/cmr
/m/n/12 183
 []

[183]
Overfull \hbox (11.7236pt too wide) has occurred while \output is active
\OT1/cmr/m/sl/12 CHAPTER 11.  MULTI-WAY ANOVA MODELS WITH INTERACTIONS \OT1/cmr
/m/n/12 184
 []

[184]
Overfull \hbox (11.7236pt too wide) has occurred while \output is active
\OT1/cmr/m/sl/12 CHAPTER 11.  MULTI-WAY ANOVA MODELS WITH INTERACTIONS \OT1/cmr
/m/n/12 185
 []

[185]
Overfull \hbox (1.98482pt too wide) in paragraph at lines 5522--5523
[]\OT1/cmr/m/n/12 We have al-ready cal-cu-lated the arith-metic means, al-thoug
h ex-pected marginal
 []


Overfull \hbox (11.7236pt too wide) has occurred while \output is active
\OT1/cmr/m/sl/12 CHAPTER 11.  MULTI-WAY ANOVA MODELS WITH INTERACTIONS \OT1/cmr
/m/n/12 186
 []

[186]
Underfull \vbox (badness 3281) detected at line 5581
 []


Overfull \hbox (11.7236pt too wide) has occurred while \output is active
\OT1/cmr/m/sl/12 CHAPTER 11.  MULTI-WAY ANOVA MODELS WITH INTERACTIONS \OT1/cmr
/m/n/12 187
 []

[187]
Overfull \hbox (11.7236pt too wide) has occurred while \output is active
\OT1/cmr/m/sl/12 CHAPTER 11.  MULTI-WAY ANOVA MODELS WITH INTERACTIONS \OT1/cmr
/m/n/12 188
 []

[188]

! LaTeX Error: File `_main_files/figure-latex/figNameA3113-1' not found.

See the LaTeX manual or LaTeX Companion for explanation.
Type  H <return>  for immediate help.
 ...                                              
                                                  
l.5630 ..._main_files/figure-latex/figNameA3113-1}
                                                  
I could not locate the file with any of these extensions:
.png,.pdf,.jpg,.mps,.jpeg,.jbig2,.jb2,.PNG,.PDF,.JPG,.JPEG,.JBIG2,.JB2,.eps
Try typing  <return>  to proceed.
If that doesn't work, type  X <return>  to quit.


Overfull \hbox (11.7236pt too wide) has occurred while \output is active
\OT1/cmr/m/sl/12 CHAPTER 11.  MULTI-WAY ANOVA MODELS WITH INTERACTIONS \OT1/cmr
/m/n/12 189
 []

[189]

! LaTeX Error: File `_main_files/figure-latex/figName137-1' not found.

See the LaTeX manual or LaTeX Companion for explanation.
Type  H <return>  for immediate help.
 ...                                              
                                                  
l.5657 ...]{_main_files/figure-latex/figName137-1}
                                                  
I could not locate the file with any of these extensions:
.png,.pdf,.jpg,.mps,.jpeg,.jbig2,.jb2,.PNG,.PDF,.JPG,.JPEG,.JBIG2,.JB2,.eps
Try typing  <return>  to proceed.
If that doesn't work, type  X <return>  to quit.


Underfull \vbox (badness 3690) detected at line 5718
 []


Overfull \hbox (11.7236pt too wide) has occurred while \output is active
\OT1/cmr/m/sl/12 CHAPTER 11.  MULTI-WAY ANOVA MODELS WITH INTERACTIONS \OT1/cmr
/m/n/12 190
 []

[190]
Overfull \hbox (11.7236pt too wide) has occurred while \output is active
\OT1/cmr/m/sl/12 CHAPTER 11.  MULTI-WAY ANOVA MODELS WITH INTERACTIONS \OT1/cmr
/m/n/12 191
 []

[191]
Chapter 12.
[192

] [193]
Overfull \hbox (7.66809pt too wide) in paragraph at lines 5789--5790
\OT1/cmr/m/n/12 quently, the dif-fer-ences be-tween main-plots treated alike (s
ame tillage method),
 []

[194]

! LaTeX Error: File `_main_files/figure-latex/figName141b-1' not found.

See the LaTeX manual or LaTeX Companion for explanation.
Type  H <return>  for immediate help.
 ...                                              
                                                  
l.5838 ...{_main_files/figure-latex/figName141b-1}
                                                  
I could not locate the file with any of these extensions:
.png,.pdf,.jpg,.mps,.jpeg,.jbig2,.jb2,.PNG,.PDF,.JPG,.JPEG,.JBIG2,.JB2,.eps
Try typing  <return>  to proceed.
If that doesn't work, type  X <return>  to quit.

[195]
Underfull \vbox (badness 2012) detected at line 5895
 []

[196] [197] [198] [199]
Chapter 13.
[200

]

! LaTeX Error: File `_main_files/figure-latex/figName141-1' not found.

See the LaTeX manual or LaTeX Companion for explanation.
Type  H <return>  for immediate help.
 ...                                              
                                                  
l.6047 ...]{_main_files/figure-latex/figName141-1}
                                                  
I could not locate the file with any of these extensions:
.png,.pdf,.jpg,.mps,.jpeg,.jbig2,.jb2,.PNG,.PDF,.JPG,.JPEG,.JBIG2,.JB2,.eps
Try typing  <return>  to proceed.
If that doesn't work, type  X <return>  to quit.

[201] [202] [203] [204]

! LaTeX Error: File `_main_files/figure-latex/figName142-1' not found.

See the LaTeX manual or LaTeX Companion for explanation.
Type  H <return>  for immediate help.
 ...                                              
                                                  
l.6169 ...]{_main_files/figure-latex/figName142-1}
                                                  
I could not locate the file with any of these extensions:
.png,.pdf,.jpg,.mps,.jpeg,.jbig2,.jb2,.PNG,.PDF,.JPG,.JPEG,.JBIG2,.JB2,.eps
Try typing  <return>  to proceed.
If that doesn't work, type  X <return>  to quit.

[205] [206] [207] [208] [209] [210] [211]
Chapter 14.
[212

]
Chapter 15.

Overfull \hbox (13.5399pt too wide) in paragraph at lines 6371--6372
\OT1/cmr/m/n/12 Load the csv file `stu-dents.csv' from []$\OT1/cmtt/m/n/12 http
s : / / www . casaonofri . it / _datasets /
 []

[213

] [214] [215]
Overfull \hbox (48.42522pt too wide) in paragraph at lines 6477--6477
[]\OT1/cmtt/m/n/12 length <- c(2.07, 2.23, 2.04, 2.16, 2.12, 2.33, 2.21, 2.22, 
2.29, 2.28,[] 
 []


Overfull \hbox (11.3752pt too wide) in paragraph at lines 6477--6477
[]\OT1/cmtt/m/n/12 2.44, 2.04, 2.02, 1.49, 2.12, 2.38, 2.51, 2.27, 2.55, 2.44, 
2.28,[] 
 []

[216] [217] [218] [219] [220] [221] [222] [223] [224] [225] [226] [227]
[228] [229] [230] [231] [232] [233] [234]
Chapter 16.

Overfull \hbox (10.2297pt too wide) in paragraph at lines 7375--7375
[]\OT1/cmr/bx/n/17.28 Installing R and mov-ing the first steps 
 []


Overfull \hbox (2.76045pt too wide) in paragraph at lines 7385--7387
[]\OT1/cmr/m/n/12 Install RStu-dio from: []$\OT1/cmtt/m/n/12 https : / / rstudi
o . com / products / rstudio/$[]\OT1/cmr/m/n/12 . Se-
 []

[235

]
Overfull \hbox (8.55156pt too wide) has occurred while \output is active
\OT1/cmr/m/sl/12 CHAPTER 16.  APPENDIX: A VERY GENTLE INTRODUCTION TO R \OT1/cm
r/m/n/12 236
 []

[236]
Overfull \hbox (8.55156pt too wide) has occurred while \output is active
\OT1/cmr/m/sl/12 CHAPTER 16.  APPENDIX: A VERY GENTLE INTRODUCTION TO R \OT1/cm
r/m/n/12 237
 []

[237]
Overfull \hbox (8.55156pt too wide) has occurred while \output is active
\OT1/cmr/m/sl/12 CHAPTER 16.  APPENDIX: A VERY GENTLE INTRODUCTION TO R \OT1/cm
r/m/n/12 238
 []

[238]
Overfull \hbox (3.81258pt too wide) in paragraph at lines 7521--7522
[]\OT1/cmr/m/n/12 With ob-jects con-tain-ing more than one value (vec-tors, ma-
tri-ces or dataframes)
 []


Overfull \hbox (8.55156pt too wide) has occurred while \output is active
\OT1/cmr/m/sl/12 CHAPTER 16.  APPENDIX: A VERY GENTLE INTRODUCTION TO R \OT1/cm
r/m/n/12 239
 []

[239]
Overfull \hbox (9.19182pt too wide) in paragraph at lines 7576--7576
[]\OT1/cmr/bx/n/17.28 Expressions, func-tions and ar-gu-ments 
 []


Overfull \hbox (8.55156pt too wide) has occurred while \output is active
\OT1/cmr/m/sl/12 CHAPTER 16.  APPENDIX: A VERY GENTLE INTRODUCTION TO R \OT1/cm
r/m/n/12 240
 []

[240]
Overfull \hbox (0.38118pt too wide) in paragraph at lines 7652--7653
[]\OT1/cmr/m/n/12 Several vec-tors can be com-bined in one vec-tor by us-ing th
e \OT1/cmtt/m/n/12 c() \OT1/cmr/m/n/12 func-tion: 
 []


Overfull \hbox (8.55156pt too wide) has occurred while \output is active
\OT1/cmr/m/sl/12 CHAPTER 16.  APPENDIX: A VERY GENTLE INTRODUCTION TO R \OT1/cm
r/m/n/12 241
 []

[241]
Overfull \hbox (54.60022pt too wide) in paragraph at lines 7723--7723
[]\OT1/cmtt/m/n/12 dataset  <-  read_xls("fileName", sheet = "nameOfSheet") # O
pen XLS file[] 
 []


Overfull \hbox (8.55156pt too wide) has occurred while \output is active
\OT1/cmr/m/sl/12 CHAPTER 16.  APPENDIX: A VERY GENTLE INTRODUCTION TO R \OT1/cm
r/m/n/12 242
 []

[242]
Overfull \hbox (66.95023pt too wide) in paragraph at lines 7723--7723
[]\OT1/cmtt/m/n/12 dataset  <-  read_xlss("fileName", sheet = "nameOfSheet") # 
Open XLSX file[] 
 []


Overfull \hbox (17.5502pt too wide) in paragraph at lines 7729--7729
[]\OT1/cmtt/m/n/12 dataset  <-  read.csv(file.choose()", header=TRUE) # Open CS
V file[] 
 []


! LaTeX Error: File `_main_files/figure-latex/unnamed-chunk-201-1' not found.

See the LaTeX manual or LaTeX Companion for explanation.
Type  H <return>  for immediate help.
 ...                                              
                                                  
l.7745 ..._files/figure-latex/unnamed-chunk-201-1}
                                                  
I could not locate the file with any of these extensions:
.png,.pdf,.jpg,.mps,.jpeg,.jbig2,.jb2,.PNG,.PDF,.JPG,.JPEG,.JBIG2,.JB2,.eps
Try typing  <return>  to proceed.
If that doesn't work, type  X <return>  to quit.

Package atveryend Info: Empty hook `BeforeClearDocument' on input line 7762.

Overfull \hbox (8.55156pt too wide) has occurred while \output is active
\OT1/cmr/m/sl/12 CHAPTER 16.  APPENDIX: A VERY GENTLE INTRODUCTION TO R \OT1/cm
r/m/n/12 243
 []

[243]
Package atveryend Info: Empty hook `AfterLastShipout' on input line 7762.
 (./_main.aux)
Package atveryend Info: Executing hook `AtVeryEndDocument' on input line 7762.
Package atveryend Info: Executing hook `AtEndAfterFileList' on input line 7762.

Package rerunfilecheck Info: File `_main.out' has not changed.
(rerunfilecheck)             Checksum: 128A3597A6E1449401C657952F173045;17084.


LaTeX Font Warning: Some font shapes were not available, defaults substituted.

Package atveryend Info: Empty hook `AtVeryVeryEnd' on input line 7762.
 ) 
Here is how much of TeX's memory you used:
 9049 strings out of 493089
 131674 string characters out of 6134843
 219370 words of memory out of 5000000
 11204 multiletter control sequences out of 15000+600000
 14501 words of font info for 52 fonts, out of 8000000 for 9000
 1141 hyphenation exceptions out of 8191
 29i,12n,31p,1450b,437s stack positions out of 5000i,500n,10000p,200000b,80000s
{/usr/local/texlive/2015/texmf-dist/fonts/enc/dvips/cm-super/cm-super-ts1.enc
}</usr/local/texlive/2015/texmf-dist/fonts/type1/public/amsfonts/cm/cmbx12.pfb>
</usr/local/texlive/2015/texmf-dist/fonts/type1/public/amsfonts/cm/cmbx8.pfb></
usr/local/texlive/2015/texmf-dist/fonts/type1/public/amsfonts/cm/cmex10.pfb></u
sr/local/texlive/2015/texmf-dist/fonts/type1/public/amsfonts/cm/cmmi10.pfb></us
r/local/texlive/2015/texmf-dist/fonts/type1/public/amsfonts/cm/cmmi12.pfb></usr
/local/texlive/2015/texmf-dist/fonts/type1/public/amsfonts/cm/cmmi6.pfb></usr/l
ocal/texlive/2015/texmf-dist/fonts/type1/public/amsfonts/cm/cmmi7.pfb></usr/loc
al/texlive/2015/texmf-dist/fonts/type1/public/amsfonts/cm/cmmi8.pfb></usr/local
/texlive/2015/texmf-dist/fonts/type1/public/amsfonts/cm/cmr10.pfb></usr/local/t
exlive/2015/texmf-dist/fonts/type1/public/amsfonts/cm/cmr12.pfb></usr/local/tex
live/2015/texmf-dist/fonts/type1/public/amsfonts/cm/cmr17.pfb></usr/local/texli
ve/2015/texmf-dist/fonts/type1/public/amsfonts/cm/cmr6.pfb></usr/local/texlive/
2015/texmf-dist/fonts/type1/public/amsfonts/cm/cmr7.pfb></usr/local/texlive/201
5/texmf-dist/fonts/type1/public/amsfonts/cm/cmr8.pfb></usr/local/texlive/2015/t
exmf-dist/fonts/type1/public/amsfonts/cm/cmsl12.pfb></usr/local/texlive/2015/te
xmf-dist/fonts/type1/public/amsfonts/cm/cmsy10.pfb></usr/local/texlive/2015/tex
mf-dist/fonts/type1/public/amsfonts/cm/cmsy8.pfb></usr/local/texlive/2015/texmf
-dist/fonts/type1/public/amsfonts/cm/cmti12.pfb></usr/local/texlive/2015/texmf-
dist/fonts/type1/public/amsfonts/cm/cmtt10.pfb></usr/local/texlive/2015/texmf-d
ist/fonts/type1/public/amsfonts/cm/cmtt12.pfb></usr/local/texlive/2015/texmf-di
st/fonts/type1/public/cm-super/sfrm1200.pfb></usr/local/texlive/2015/texmf-dist
/fonts/type1/public/cm-super/sftt1095.pfb>
Output written on _main.pdf (244 pages, 3656035 bytes).
PDF statistics:
 3388 PDF objects out of 3580 (max. 8388607)
 3050 compressed objects within 31 object streams
 1151 named destinations out of 1200 (max. 500000)
 2031 words of extra memory for PDF output out of 10000 (max. 10000000)

